<?xml version="1.0" encoding="UTF-8"?>
<robot generator="Robot 7.3.2 (Python 3.13.9 on win32)" generated="2025-11-23T11:53:08.846460" rpa="false" schemaversion="5">
<suite id="s1" name="TC1" source="C:\Robot-framework-automation\robot-framework-practice\test\TC1.robot">
<test id="s1-t1" name="TC1 Login Test" line="9">
<kw name="Open Browser" owner="SeleniumLibrary">
<msg time="2025-11-23T11:53:09.037486" level="INFO">Opening browser 'Chrome' to base url 'https://practice.qabrains.com/'.</msg>
<arg>${url}</arg>
<arg>${browser}</arg>
<doc>Opens a new browser instance to the optional ``url``.</doc>
<status status="PASS" start="2025-11-23T11:53:09.037177" elapsed="2.367232"/>
</kw>
<kw name="Maximize Browser Window" owner="SeleniumLibrary">
<doc>Maximizes current browser window.</doc>
<status status="PASS" start="2025-11-23T11:53:11.405578" elapsed="0.031773"/>
</kw>
<kw name="loginToApplication">
<kw name="Input Text" owner="SeleniumLibrary">
<msg time="2025-11-23T11:53:11.440049" level="INFO">Typing text 'qa_testers@qabrains.com' into text field 'id:email'.</msg>
<arg>id:email</arg>
<arg>qa_testers@qabrains.com</arg>
<doc>Types the given ``text`` into the text field identified by ``locator``.</doc>
<status status="PASS" start="2025-11-23T11:53:11.439206" elapsed="0.235581"/>
</kw>
<kw name="Input Text" owner="SeleniumLibrary">
<msg time="2025-11-23T11:53:11.676389" level="INFO">Typing text 'Password123' into text field 'id:password'.</msg>
<arg>id:password</arg>
<arg>Password123</arg>
<doc>Types the given ``text`` into the text field identified by ``locator``.</doc>
<status status="PASS" start="2025-11-23T11:53:11.675975" elapsed="0.321360"/>
</kw>
<kw name="Click Button" owner="SeleniumLibrary">
<msg time="2025-11-23T11:53:11.998226" level="INFO">Clicking button 'xpath=//*[@id="home-page"]/div/div[1]/form/button'.</msg>
<arg>xpath=//*[@id="home-page"]/div/div[1]/form/button</arg>
<doc>Clicks the button identified by ``locator``.</doc>
<status status="PASS" start="2025-11-23T11:53:11.997693" elapsed="0.218409"/>
</kw>
<status status="PASS" start="2025-11-23T11:53:11.438385" elapsed="0.778048"/>
</kw>
<kw name="Sleep" owner="BuiltIn">
<msg time="2025-11-23T11:53:14.217820" level="INFO">Slept 2 seconds.</msg>
<arg>2s</arg>
<doc>Pauses the test executed for the given time.</doc>
<status status="PASS" start="2025-11-23T11:53:12.217156" elapsed="2.000840"/>
</kw>
<kw name="Close Browser" owner="SeleniumLibrary">
<doc>Closes the current browser.</doc>
<status status="PASS" start="2025-11-23T11:53:14.218476" elapsed="2.144596"/>
</kw>
<doc>Test case to verify login functionality</doc>
<status status="PASS" start="2025-11-23T11:53:09.035999" elapsed="7.327504"/>
</test>
<status status="PASS" start="2025-11-23T11:53:08.848085" elapsed="7.516515"/>
</suite>
<statistics>
<total>
<stat pass="1" fail="0" skip="0">All Tests</stat>
</total>
<tag>
</tag>
<suite>
<stat name="TC1" id="s1" pass="1" fail="0" skip="0">TC1</stat>
</suite>
</statistics>
<errors>
</errors>
</robot>
