<?xml version="1.0" encoding="UTF-8"?>
<robot generator="Robot 7.3.2 (Python 3.13.9 on win32)" generated="2025-12-01T18:29:54.851359" rpa="false" schemaversion="5">
<suite id="s1" name="Robot-Framework-Practice" source="C:\Robot-framework-automation\robot-framework-practice">
<suite id="s1-s1" name="TestCase" source="C:\Robot-framework-automation\robot-framework-practice\TestCase">
<suite id="s1-s1-s1" name="CloseAll" source="C:\Robot-framework-automation\robot-framework-practice\TestCase\CloseAll.robot">
<test id="s1-s1-s1-t1" name="MyTestCase" line="5">
<kw name="Open Browser" owner="SeleniumLibrary">
<msg time="2025-12-01T18:29:55.094750" level="INFO">Opening browser 'chrome' to base url 'https://practice.qabrains.com/registration'.</msg>
<arg>https://practice.qabrains.com/registration</arg>
<arg>chrome</arg>
<doc>Opens a new browser instance to the optional ``url``.</doc>
<status status="PASS" start="2025-12-01T18:29:55.094184" elapsed="5.180779"/>
</kw>
<kw name="Maximize Browser Window" owner="SeleniumLibrary">
<doc>Maximizes current browser window.</doc>
<status status="PASS" start="2025-12-01T18:30:00.276536" elapsed="0.050869"/>
</kw>
<kw name="Open Browser" owner="SeleniumLibrary">
<msg time="2025-12-01T18:30:00.329246" level="INFO">Opening browser 'chrome' to base url 'https://practice.qabrains.com/'.</msg>
<arg>https://practice.qabrains.com/</arg>
<arg>chrome</arg>
<doc>Opens a new browser instance to the optional ``url``.</doc>
<status status="PASS" start="2025-12-01T18:30:00.328481" elapsed="4.269978"/>
</kw>
<kw name="Maximize Browser Window" owner="SeleniumLibrary">
<doc>Maximizes current browser window.</doc>
<status status="PASS" start="2025-12-01T18:30:04.599355" elapsed="0.049814"/>
</kw>
<kw name="Close All Browsers" owner="SeleniumLibrary">
<doc>Closes all open browsers and resets the browser cache.</doc>
<status status="PASS" start="2025-12-01T18:30:04.650871" elapsed="4.447461"/>
</kw>
<status status="PASS" start="2025-12-01T18:29:55.088505" elapsed="14.011000"/>
</test>
<status status="PASS" start="2025-12-01T18:29:54.895816" elapsed="14.220192"/>
</suite>
<status status="PASS" start="2025-12-01T18:29:54.889395" elapsed="14.235263"/>
</suite>
<status status="PASS" start="2025-12-01T18:29:54.858613" elapsed="14.270187"/>
</suite>
<statistics>
<total>
<stat pass="1" fail="0" skip="0">All Tests</stat>
</total>
<tag>
</tag>
<suite>
<stat name="Robot-Framework-Practice" id="s1" pass="1" fail="0" skip="0">Robot-Framework-Practice</stat>
<stat name="TestCase" id="s1-s1" pass="1" fail="0" skip="0">Robot-Framework-Practice.TestCase</stat>
<stat name="CloseAll" id="s1-s1-s1" pass="1" fail="0" skip="0">Robot-Framework-Practice.TestCase.CloseAll</stat>
</suite>
</statistics>
<errors>
</errors>
</robot>
