<?xml version="1.0" encoding="UTF-8"?>
<robot generator="Robot 7.3.2 (Python 3.13.9 on win32)" generated="2025-12-04T16:34:54.032055" rpa="false" schemaversion="5">
<suite id="s1" name="Robot-Framework-Practice" source="C:\Robot-framework-automation\robot-framework-practice">
<suite id="s1-s1" name="TestCase" source="C:\Robot-framework-automation\robot-framework-practice\TestCase">
<suite id="s1-s1-s1" name="MouseOperations" source="C:\Robot-framework-automation\robot-framework-practice\TestCase\MouseOperations.robot">
<test id="s1-s1-s1-t1" name="MouseActions" line="5">
<kw name="Open Browser" owner="SeleniumLibrary">
<msg time="2025-12-04T16:34:54.294135" level="INFO">Opening browser 'firefox' to base url 'https://testautomationpractice.blogspot.com/'.</msg>
<arg>https://testautomationpractice.blogspot.com/</arg>
<doc>Opens a new browser instance to the optional ``url``.</doc>
<status status="PASS" start="2025-12-04T16:34:54.293564" elapsed="9.610732"/>
</kw>
<kw name="Maximize Browser Window" owner="SeleniumLibrary">
<doc>Maximizes current browser window.</doc>
<status status="PASS" start="2025-12-04T16:35:03.905168" elapsed="0.309556"/>
</kw>
<kw name="Sleep" owner="BuiltIn">
<msg time="2025-12-04T16:35:07.216671" level="INFO">Slept 3 seconds.</msg>
<arg>3s</arg>
<doc>Pauses the test executed for the given time.</doc>
<status status="PASS" start="2025-12-04T16:35:04.215390" elapsed="3.001961"/>
</kw>
<kw name="Scroll Element Into View" owner="SeleniumLibrary">
<msg time="2025-12-04T16:35:07.360901" level="INFO" html="true">&lt;/td&gt;&lt;/tr&gt;&lt;tr&gt;&lt;td colspan="3"&gt;&lt;a href="selenium-screenshot-28.png"&gt;&lt;img src="selenium-screenshot-28.png" width="800px"&gt;&lt;/a&gt;</msg>
<msg time="2025-12-04T16:35:07.361415" level="FAIL">MoveTargetOutOfBoundsException: Message: Move target (1011, 1102) is out of bounds of viewport dimensions (1536, 731)
Stacktrace:
RemoteError@chrome://remote/content/shared/RemoteError.sys.mjs:8:8
WebDriverError@chrome://remote/content/shared/webdriver/Errors.sys.mjs:202:5
MoveTargetOutOfBoundsError@chrome://remote/content/shared/webdriver/Errors.sys.mjs:521:5
assertTargetInViewPort@chrome://remote/content/shared/webdriver/Actions.sys.mjs:3122:11
#assertInViewPort@chrome://remote/content/marionette/actors/MarionetteCommandsChild.sys.mjs:67:17
receiveMessage@chrome://remote/content/marionette/actors/MarionetteCommandsChild.sys.mjs:187:42
</msg>
<arg>xpath://*[@id="HTML10"]/div[1]/button</arg>
<doc>Scrolls the element identified by ``locator`` into view.</doc>
<status status="FAIL" start="2025-12-04T16:35:07.218460" elapsed="0.159643">MoveTargetOutOfBoundsException: Message: Move target (1011, 1102) is out of bounds of viewport dimensions (1536, 731)
Stacktrace:
RemoteError@chrome://remote/content/shared/RemoteError.sys.mjs:8:8
WebDriverError@chrome://remote/content/shared/webdriver/Errors.sys.mjs:202:5
MoveTargetOutOfBoundsError@chrome://remote/content/shared/webdriver/Errors.sys.mjs:521:5
assertTargetInViewPort@chrome://remote/content/shared/webdriver/Actions.sys.mjs:3122:11
#assertInViewPort@chrome://remote/content/marionette/actors/MarionetteCommandsChild.sys.mjs:67:17
receiveMessage@chrome://remote/content/marionette/actors/MarionetteCommandsChild.sys.mjs:187:42
</status>
</kw>
<kw name="Double Click Element" owner="SeleniumLibrary">
<arg>xpath://*[@id="HTML10"]/div[1]/button</arg>
<doc>Double clicks the element identified by ``locator``.</doc>
<status status="NOT RUN" start="2025-12-04T16:35:07.384183" elapsed="0.000346"/>
</kw>
<kw name="Sleep" owner="BuiltIn">
<arg>3s</arg>
<doc>Pauses the test executed for the given time.</doc>
<status status="NOT RUN" start="2025-12-04T16:35:07.393766" elapsed="0.000306"/>
</kw>
<kw name="Go To" owner="SeleniumLibrary">
<arg>https://testautomationpractice.blogspot.com/</arg>
<doc>Navigates the current browser window to the provided ``url``.</doc>
<status status="NOT RUN" start="2025-12-04T16:35:07.401413" elapsed="0.000278"/>
</kw>
<kw name="Maximize Browser Window" owner="SeleniumLibrary">
<doc>Maximizes current browser window.</doc>
<status status="NOT RUN" start="2025-12-04T16:35:07.404942" elapsed="0.000305"/>
</kw>
<kw name="Drag And Drop" owner="SeleniumLibrary">
<arg>id:draggable</arg>
<arg>id:droppable</arg>
<doc>Drags the element identified by ``locator`` into the ``target`` element.</doc>
<status status="NOT RUN" start="2025-12-04T16:35:07.407964" elapsed="0.000289"/>
</kw>
<kw name="Sleep" owner="BuiltIn">
<arg>3s</arg>
<doc>Pauses the test executed for the given time.</doc>
<status status="NOT RUN" start="2025-12-04T16:35:07.408689" elapsed="0.000164"/>
</kw>
<kw name="Close Browser" owner="SeleniumLibrary">
<doc>Closes the current browser.</doc>
<status status="NOT RUN" start="2025-12-04T16:35:07.409078" elapsed="0.000100"/>
</kw>
<status status="FAIL" start="2025-12-04T16:34:54.288156" elapsed="13.121271">MoveTargetOutOfBoundsException: Message: Move target (1011, 1102) is out of bounds of viewport dimensions (1536, 731)
Stacktrace:
RemoteError@chrome://remote/content/shared/RemoteError.sys.mjs:8:8
WebDriverError@chrome://remote/content/shared/webdriver/Errors.sys.mjs:202:5
MoveTargetOutOfBoundsError@chrome://remote/content/shared/webdriver/Errors.sys.mjs:521:5
assertTargetInViewPort@chrome://remote/content/shared/webdriver/Actions.sys.mjs:3122:11
#assertInViewPort@chrome://remote/content/marionette/actors/MarionetteCommandsChild.sys.mjs:67:17
receiveMessage@chrome://remote/content/marionette/actors/MarionetteCommandsChild.sys.mjs:187:42
</status>
</test>
<status status="FAIL" start="2025-12-04T16:34:54.079171" elapsed="13.351245"/>
</suite>
<status status="FAIL" start="2025-12-04T16:34:54.072293" elapsed="13.370066"/>
</suite>
<status status="FAIL" start="2025-12-04T16:34:54.037924" elapsed="13.409187"/>
</suite>
<statistics>
<total>
<stat pass="0" fail="1" skip="0">All Tests</stat>
</total>
<tag>
</tag>
<suite>
<stat name="Robot-Framework-Practice" id="s1" pass="0" fail="1" skip="0">Robot-Framework-Practice</stat>
<stat name="TestCase" id="s1-s1" pass="0" fail="1" skip="0">Robot-Framework-Practice.TestCase</stat>
<stat name="MouseOperations" id="s1-s1-s1" pass="0" fail="1" skip="0">Robot-Framework-Practice.TestCase.MouseOperations</stat>
</suite>
</statistics>
<errors>
</errors>
</robot>
